#! /opt/homebrew/Cellar/icarus-verilog/12.0/bin/vvp
:ivl_version "12.0 (stable)";
:ivl_delay_selection "TYPICAL";
:vpi_time_precision + 0;
:vpi_module "/opt/homebrew/Cellar/icarus-verilog/12.0/lib/ivl/system.vpi";
:vpi_module "/opt/homebrew/Cellar/icarus-verilog/12.0/lib/ivl/vhdl_sys.vpi";
:vpi_module "/opt/homebrew/Cellar/icarus-verilog/12.0/lib/ivl/vhdl_textio.vpi";
:vpi_module "/opt/homebrew/Cellar/icarus-verilog/12.0/lib/ivl/v2005_math.vpi";
:vpi_module "/opt/homebrew/Cellar/icarus-verilog/12.0/lib/ivl/va_math.vpi";
S_0x14be04a40 .scope module, "alu_tb" "alu_tb" 2 3;
 .timescale 0 0;
v0x600001651a70_0 .var "a", 31 0;
v0x600001651b00_0 .var "b", 31 0;
v0x600001651b90_0 .var "opcode", 3 0;
v0x600001651c20_0 .net "out", 31 0, v0x6000016515f0_0;  1 drivers
S_0x14be04bb0 .scope module, "DUT" "riscv_alu" 2 13, 3 5 0, S_0x14be04a40;
 .timescale 0 0;
    .port_info 0 /INPUT 4 "opcode";
    .port_info 1 /INPUT 32 "a";
    .port_info 2 /INPUT 32 "b";
    .port_info 3 /OUTPUT 32 "out";
L_0x600000f51f80 .functor OR 1, L_0x600001550320, L_0x6000015503c0, C4<0>, C4<0>;
L_0x150078010 .functor BUFT 1, C4<0111>, C4<0>, C4<0>, C4<0>;
v0x600001651170_0 .net/2u *"_ivl_0", 3 0, L_0x150078010;  1 drivers
L_0x1500780a0 .functor BUFT 1, C4<1000>, C4<0>, C4<0>, C4<0>;
v0x600001651200_0 .net/2u *"_ivl_10", 3 0, L_0x1500780a0;  1 drivers
v0x600001651290_0 .net *"_ivl_2", 0 0, L_0x600001550320;  1 drivers
L_0x150078058 .functor BUFT 1, C4<1000>, C4<0>, C4<0>, C4<0>;
v0x600001651320_0 .net/2u *"_ivl_4", 3 0, L_0x150078058;  1 drivers
v0x6000016513b0_0 .net *"_ivl_6", 0 0, L_0x6000015503c0;  1 drivers
v0x600001651440_0 .net "a", 31 0, v0x600001651a70_0;  1 drivers
v0x6000016514d0_0 .net "b", 31 0, v0x600001651b00_0;  1 drivers
v0x600001651560_0 .net "opcode", 3 0, v0x600001651b90_0;  1 drivers
v0x6000016515f0_0 .var "out", 31 0;
v0x600001651680_0 .net "shift_arith", 0 0, L_0x600001550460;  1 drivers
v0x600001651710_0 .net "shift_dir", 0 0, L_0x600000f51f80;  1 drivers
v0x6000016517a0_0 .net "shift_output", 31 0, L_0x600000f51ff0;  1 drivers
E_0x600003156200 .event anyedge, v0x600001651560_0, v0x600001650900_0, v0x6000016514d0_0, v0x600001650a20_0;
L_0x600001550320 .cmp/eq 4, v0x600001651b90_0, L_0x150078010;
L_0x6000015503c0 .cmp/eq 4, v0x600001651b90_0, L_0x150078058;
L_0x600001550460 .cmp/eq 4, v0x600001651b90_0, L_0x1500780a0;
L_0x600001550500 .part v0x600001651b00_0, 0, 5;
S_0x14be04f40 .scope module, "shifter_inst" "barrel_shifter" 3 18, 4 1 0, S_0x14be04bb0;
 .timescale 0 0;
    .port_info 0 /INPUT 32 "in";
    .port_info 1 /INPUT 5 "n";
    .port_info 2 /INPUT 1 "dir";
    .port_info 3 /INPUT 1 "arith";
    .port_info 4 /OUTPUT 32 "out";
L_0x600000f51ff0 .functor BUFZ 32, v0x600001650ab0_0, C4<00000000000000000000000000000000>, C4<00000000000000000000000000000000>, C4<00000000000000000000000000000000>;
v0x6000016507e0_0 .net "arith", 0 0, L_0x600001550460;  alias, 1 drivers
v0x600001650870_0 .net "dir", 0 0, L_0x600000f51f80;  alias, 1 drivers
v0x600001650900_0 .net "in", 31 0, v0x600001651a70_0;  alias, 1 drivers
v0x600001650990_0 .net "n", 4 0, L_0x600001550500;  1 drivers
v0x600001650a20_0 .net "out", 31 0, L_0x600000f51ff0;  alias, 1 drivers
v0x600001650ab0_0 .var "result", 31 0;
v0x600001650b40_0 .var "shift_left_1", 31 0;
v0x600001650bd0_0 .var "shift_left_16", 31 0;
v0x600001650c60_0 .var "shift_left_2", 31 0;
v0x600001650cf0_0 .var "shift_left_4", 31 0;
v0x600001650d80_0 .var "shift_left_8", 31 0;
v0x600001650e10_0 .var "shift_right_1", 31 0;
v0x600001650ea0_0 .var "shift_right_16", 31 0;
v0x600001650f30_0 .var "shift_right_2", 31 0;
v0x600001650fc0_0 .var "shift_right_4", 31 0;
v0x600001651050_0 .var "shift_right_8", 31 0;
v0x6000016510e0_0 .var "shift_right_fill", 31 0;
E_0x600003156240 .event anyedge, v0x6000016507e0_0, v0x600001650870_0, v0x600001650990_0, v0x600001650900_0;
S_0x14be050b0 .scope task, "test_alu" "test_alu" 2 19, 2 19 0, S_0x14be04a40;
 .timescale 0 0;
v0x600001651830_0 .var "expected", 31 0;
v0x6000016518c0_0 .var "op", 3 0;
v0x600001651950_0 .var "rs_a", 31 0;
v0x6000016519e0_0 .var "rs_b", 31 0;
TD_alu_tb.test_alu ;
    %load/vec4 v0x6000016518c0_0;
    %store/vec4 v0x600001651b90_0, 0, 4;
    %load/vec4 v0x600001651950_0;
    %store/vec4 v0x600001651a70_0, 0, 32;
    %load/vec4 v0x6000016519e0_0;
    %store/vec4 v0x600001651b00_0, 0, 32;
    %delay 5, 0;
    %load/vec4 v0x600001651c20_0;
    %load/vec4 v0x600001651830_0;
    %cmp/ne;
    %jmp/0xz  T_0.0, 4;
    %vpi_call 2 33 "$display", "FAIL: opcode=%b a=%h b=%h --> out=%h (expected = %h)\012\012", v0x6000016518c0_0, v0x600001651950_0, v0x6000016519e0_0, v0x600001651c20_0, v0x600001651830_0 {0 0 0};
    %jmp T_0.1;
T_0.0 ;
    %vpi_call 2 36 "$display", "PASS: opcode=%b a=%h b=%h --> out=%h\012\012", v0x6000016518c0_0, v0x600001651950_0, v0x6000016519e0_0, v0x600001651c20_0 {0 0 0};
T_0.1 ;
    %end;
    .scope S_0x14be04f40;
T_1 ;
    %wait E_0x600003156240;
    %pushi/vec4 0, 0, 32;
    %store/vec4 v0x600001650ab0_0, 0, 32;
    %pushi/vec4 0, 0, 32;
    %store/vec4 v0x600001650b40_0, 0, 32;
    %pushi/vec4 0, 0, 32;
    %store/vec4 v0x600001650c60_0, 0, 32;
    %pushi/vec4 0, 0, 32;
    %store/vec4 v0x600001650cf0_0, 0, 32;
    %pushi/vec4 0, 0, 32;
    %store/vec4 v0x600001650d80_0, 0, 32;
    %pushi/vec4 0, 0, 32;
    %store/vec4 v0x600001650bd0_0, 0, 32;
    %pushi/vec4 0, 0, 32;
    %store/vec4 v0x600001650e10_0, 0, 32;
    %pushi/vec4 0, 0, 32;
    %store/vec4 v0x600001650f30_0, 0, 32;
    %pushi/vec4 0, 0, 32;
    %store/vec4 v0x600001650fc0_0, 0, 32;
    %pushi/vec4 0, 0, 32;
    %store/vec4 v0x600001651050_0, 0, 32;
    %pushi/vec4 0, 0, 32;
    %store/vec4 v0x600001650ea0_0, 0, 32;
    %pushi/vec4 0, 0, 32;
    %store/vec4 v0x6000016510e0_0, 0, 32;
    %load/vec4 v0x600001650870_0;
    %pad/u 32;
    %cmpi/e 0, 0, 32;
    %jmp/0xz  T_1.0, 4;
    %load/vec4 v0x600001650990_0;
    %parti/s 1, 0, 2;
    %cmpi/e 1, 0, 1;
    %jmp/0xz  T_1.2, 4;
    %load/vec4 v0x600001650900_0;
    %parti/s 31, 0, 2;
    %concati/vec4 0, 0, 1;
    %store/vec4 v0x600001650b40_0, 0, 32;
    %jmp T_1.3;
T_1.2 ;
    %load/vec4 v0x600001650900_0;
    %store/vec4 v0x600001650b40_0, 0, 32;
T_1.3 ;
    %load/vec4 v0x600001650990_0;
    %parti/s 1, 1, 2;
    %cmpi/e 1, 0, 1;
    %jmp/0xz  T_1.4, 4;
    %load/vec4 v0x600001650b40_0;
    %parti/s 30, 0, 2;
    %concati/vec4 0, 0, 2;
    %store/vec4 v0x600001650c60_0, 0, 32;
    %jmp T_1.5;
T_1.4 ;
    %load/vec4 v0x600001650b40_0;
    %store/vec4 v0x600001650c60_0, 0, 32;
T_1.5 ;
    %load/vec4 v0x600001650990_0;
    %parti/s 1, 2, 3;
    %cmpi/e 1, 0, 1;
    %jmp/0xz  T_1.6, 4;
    %load/vec4 v0x600001650c60_0;
    %parti/s 28, 0, 2;
    %concati/vec4 0, 0, 4;
    %store/vec4 v0x600001650cf0_0, 0, 32;
    %jmp T_1.7;
T_1.6 ;
    %load/vec4 v0x600001650c60_0;
    %store/vec4 v0x600001650cf0_0, 0, 32;
T_1.7 ;
    %load/vec4 v0x600001650990_0;
    %parti/s 1, 3, 3;
    %cmpi/e 1, 0, 1;
    %jmp/0xz  T_1.8, 4;
    %load/vec4 v0x600001650cf0_0;
    %parti/s 24, 0, 2;
    %concati/vec4 0, 0, 8;
    %store/vec4 v0x600001650d80_0, 0, 32;
    %jmp T_1.9;
T_1.8 ;
    %load/vec4 v0x600001650cf0_0;
    %store/vec4 v0x600001650d80_0, 0, 32;
T_1.9 ;
    %load/vec4 v0x600001650990_0;
    %parti/s 1, 4, 4;
    %cmpi/e 1, 0, 1;
    %jmp/0xz  T_1.10, 4;
    %load/vec4 v0x600001650d80_0;
    %parti/s 16, 0, 2;
    %concati/vec4 0, 0, 16;
    %store/vec4 v0x600001650bd0_0, 0, 32;
    %jmp T_1.11;
T_1.10 ;
    %load/vec4 v0x600001650d80_0;
    %store/vec4 v0x600001650bd0_0, 0, 32;
T_1.11 ;
    %load/vec4 v0x600001650bd0_0;
    %store/vec4 v0x600001650ab0_0, 0, 32;
    %jmp T_1.1;
T_1.0 ;
    %load/vec4 v0x600001650900_0;
    %parti/s 1, 31, 6;
    %pad/u 32;
    %cmpi/e 1, 0, 32;
    %flag_get/vec4 4;
    %jmp/0 T_1.14, 4;
    %load/vec4 v0x6000016507e0_0;
    %pad/u 32;
    %pushi/vec4 1, 0, 32;
    %cmp/e;
    %flag_get/vec4 4;
    %and;
T_1.14;
    %flag_set/vec4 8;
    %jmp/0xz  T_1.12, 8;
    %pushi/vec4 4294967295, 0, 32;
    %store/vec4 v0x6000016510e0_0, 0, 32;
    %jmp T_1.13;
T_1.12 ;
    %pushi/vec4 0, 0, 32;
    %store/vec4 v0x6000016510e0_0, 0, 32;
T_1.13 ;
    %load/vec4 v0x600001650990_0;
    %parti/s 1, 0, 2;
    %cmpi/e 1, 0, 1;
    %jmp/0xz  T_1.15, 4;
    %load/vec4 v0x6000016510e0_0;
    %parti/s 1, 31, 6;
    %load/vec4 v0x600001650900_0;
    %parti/s 31, 1, 2;
    %concat/vec4; draw_concat_vec4
    %store/vec4 v0x600001650e10_0, 0, 32;
    %jmp T_1.16;
T_1.15 ;
    %load/vec4 v0x600001650900_0;
    %store/vec4 v0x600001650e10_0, 0, 32;
T_1.16 ;
    %load/vec4 v0x600001650990_0;
    %parti/s 1, 1, 2;
    %cmpi/e 1, 0, 1;
    %jmp/0xz  T_1.17, 4;
    %load/vec4 v0x6000016510e0_0;
    %parti/s 2, 30, 6;
    %load/vec4 v0x600001650e10_0;
    %parti/s 30, 2, 3;
    %concat/vec4; draw_concat_vec4
    %store/vec4 v0x600001650f30_0, 0, 32;
    %jmp T_1.18;
T_1.17 ;
    %load/vec4 v0x600001650e10_0;
    %store/vec4 v0x600001650f30_0, 0, 32;
T_1.18 ;
    %load/vec4 v0x600001650990_0;
    %parti/s 1, 2, 3;
    %cmpi/e 1, 0, 1;
    %jmp/0xz  T_1.19, 4;
    %load/vec4 v0x6000016510e0_0;
    %parti/s 4, 28, 6;
    %load/vec4 v0x600001650f30_0;
    %parti/s 28, 4, 4;
    %concat/vec4; draw_concat_vec4
    %store/vec4 v0x600001650fc0_0, 0, 32;
    %jmp T_1.20;
T_1.19 ;
    %load/vec4 v0x600001650f30_0;
    %store/vec4 v0x600001650fc0_0, 0, 32;
T_1.20 ;
    %load/vec4 v0x600001650990_0;
    %parti/s 1, 3, 3;
    %cmpi/e 1, 0, 1;
    %jmp/0xz  T_1.21, 4;
    %load/vec4 v0x6000016510e0_0;
    %parti/s 8, 24, 6;
    %load/vec4 v0x600001650fc0_0;
    %parti/s 24, 8, 5;
    %concat/vec4; draw_concat_vec4
    %store/vec4 v0x600001651050_0, 0, 32;
    %jmp T_1.22;
T_1.21 ;
    %load/vec4 v0x600001650fc0_0;
    %store/vec4 v0x600001651050_0, 0, 32;
T_1.22 ;
    %load/vec4 v0x600001650990_0;
    %parti/s 1, 4, 4;
    %cmpi/e 1, 0, 1;
    %jmp/0xz  T_1.23, 4;
    %load/vec4 v0x6000016510e0_0;
    %parti/s 16, 0, 2;
    %load/vec4 v0x600001651050_0;
    %parti/s 16, 16, 6;
    %concat/vec4; draw_concat_vec4
    %store/vec4 v0x600001650ea0_0, 0, 32;
    %jmp T_1.24;
T_1.23 ;
    %load/vec4 v0x600001651050_0;
    %store/vec4 v0x600001650ea0_0, 0, 32;
T_1.24 ;
    %load/vec4 v0x600001650ea0_0;
    %store/vec4 v0x600001650ab0_0, 0, 32;
T_1.1 ;
    %jmp T_1;
    .thread T_1, $push;
    .scope S_0x14be04bb0;
T_2 ;
    %wait E_0x600003156200;
    %pushi/vec4 0, 0, 32;
    %store/vec4 v0x6000016515f0_0, 0, 32;
    %load/vec4 v0x600001651560_0;
    %dup/vec4;
    %pushi/vec4 1, 0, 4;
    %cmp/u;
    %jmp/1 T_2.0, 6;
    %dup/vec4;
    %pushi/vec4 2, 0, 4;
    %cmp/u;
    %jmp/1 T_2.1, 6;
    %dup/vec4;
    %pushi/vec4 3, 0, 4;
    %cmp/u;
    %jmp/1 T_2.2, 6;
    %dup/vec4;
    %pushi/vec4 4, 0, 4;
    %cmp/u;
    %jmp/1 T_2.3, 6;
    %dup/vec4;
    %pushi/vec4 5, 0, 4;
    %cmp/u;
    %jmp/1 T_2.4, 6;
    %dup/vec4;
    %pushi/vec4 6, 0, 4;
    %cmp/u;
    %jmp/1 T_2.5, 6;
    %dup/vec4;
    %pushi/vec4 7, 0, 4;
    %cmp/u;
    %jmp/1 T_2.6, 6;
    %dup/vec4;
    %pushi/vec4 8, 0, 4;
    %cmp/u;
    %jmp/1 T_2.7, 6;
    %pushi/vec4 0, 0, 32;
    %store/vec4 v0x6000016515f0_0, 0, 32;
    %jmp T_2.9;
T_2.0 ;
    %load/vec4 v0x600001651440_0;
    %load/vec4 v0x6000016514d0_0;
    %add;
    %store/vec4 v0x6000016515f0_0, 0, 32;
    %jmp T_2.9;
T_2.1 ;
    %load/vec4 v0x600001651440_0;
    %load/vec4 v0x6000016514d0_0;
    %sub;
    %store/vec4 v0x6000016515f0_0, 0, 32;
    %jmp T_2.9;
T_2.2 ;
    %load/vec4 v0x600001651440_0;
    %load/vec4 v0x6000016514d0_0;
    %and;
    %store/vec4 v0x6000016515f0_0, 0, 32;
    %jmp T_2.9;
T_2.3 ;
    %load/vec4 v0x600001651440_0;
    %load/vec4 v0x6000016514d0_0;
    %or;
    %store/vec4 v0x6000016515f0_0, 0, 32;
    %jmp T_2.9;
T_2.4 ;
    %load/vec4 v0x600001651440_0;
    %load/vec4 v0x6000016514d0_0;
    %xor;
    %store/vec4 v0x6000016515f0_0, 0, 32;
    %jmp T_2.9;
T_2.5 ;
    %load/vec4 v0x6000016517a0_0;
    %store/vec4 v0x6000016515f0_0, 0, 32;
    %jmp T_2.9;
T_2.6 ;
    %load/vec4 v0x6000016517a0_0;
    %store/vec4 v0x6000016515f0_0, 0, 32;
    %jmp T_2.9;
T_2.7 ;
    %load/vec4 v0x6000016517a0_0;
    %store/vec4 v0x6000016515f0_0, 0, 32;
    %jmp T_2.9;
T_2.9 ;
    %pop/vec4 1;
    %jmp T_2;
    .thread T_2, $push;
    .scope S_0x14be04a40;
T_3 ;
    %vpi_call 2 44 "$dumpfile", "waveforms/alu.vcd" {0 0 0};
    %vpi_call 2 45 "$dumpvars", 32'sb00000000000000000000000000000000, S_0x14be04a40 {0 0 0};
    %pushi/vec4 0, 0, 4;
    %store/vec4 v0x600001651b90_0, 0, 4;
    %pushi/vec4 0, 0, 32;
    %store/vec4 v0x600001651a70_0, 0, 32;
    %pushi/vec4 0, 0, 32;
    %store/vec4 v0x600001651b00_0, 0, 32;
    %vpi_call 2 51 "$display", "ALU TEST BEGIN...\012" {0 0 0};
    %pushi/vec4 1, 0, 4;
    %store/vec4 v0x6000016518c0_0, 0, 4;
    %pushi/vec4 10, 0, 32;
    %store/vec4 v0x600001651950_0, 0, 32;
    %pushi/vec4 15, 0, 32;
    %store/vec4 v0x6000016519e0_0, 0, 32;
    %pushi/vec4 25, 0, 32;
    %store/vec4 v0x600001651830_0, 0, 32;
    %fork TD_alu_tb.test_alu, S_0x14be050b0;
    %join;
    %pushi/vec4 2, 0, 4;
    %store/vec4 v0x6000016518c0_0, 0, 4;
    %pushi/vec4 35, 0, 32;
    %store/vec4 v0x600001651950_0, 0, 32;
    %pushi/vec4 15, 0, 32;
    %store/vec4 v0x6000016519e0_0, 0, 32;
    %pushi/vec4 20, 0, 32;
    %store/vec4 v0x600001651830_0, 0, 32;
    %fork TD_alu_tb.test_alu, S_0x14be050b0;
    %join;
    %pushi/vec4 3, 0, 4;
    %store/vec4 v0x6000016518c0_0, 0, 4;
    %pushi/vec4 268369935, 0, 32;
    %store/vec4 v0x600001651950_0, 0, 32;
    %pushi/vec4 4043247375, 0, 32;
    %store/vec4 v0x6000016519e0_0, 0, 32;
    %pushi/vec4 16711695, 0, 32;
    %store/vec4 v0x600001651830_0, 0, 32;
    %fork TD_alu_tb.test_alu, S_0x14be050b0;
    %join;
    %pushi/vec4 4, 0, 4;
    %store/vec4 v0x6000016518c0_0, 0, 4;
    %pushi/vec4 65535, 0, 32;
    %store/vec4 v0x600001651950_0, 0, 32;
    %pushi/vec4 4294901760, 0, 32;
    %store/vec4 v0x6000016519e0_0, 0, 32;
    %pushi/vec4 4294967295, 0, 32;
    %store/vec4 v0x600001651830_0, 0, 32;
    %fork TD_alu_tb.test_alu, S_0x14be050b0;
    %join;
    %pushi/vec4 5, 0, 4;
    %store/vec4 v0x6000016518c0_0, 0, 4;
    %pushi/vec4 2863311530, 0, 32;
    %store/vec4 v0x600001651950_0, 0, 32;
    %pushi/vec4 1431655765, 0, 32;
    %store/vec4 v0x6000016519e0_0, 0, 32;
    %pushi/vec4 4294967295, 0, 32;
    %store/vec4 v0x600001651830_0, 0, 32;
    %fork TD_alu_tb.test_alu, S_0x14be050b0;
    %join;
    %pushi/vec4 6, 0, 4;
    %store/vec4 v0x6000016518c0_0, 0, 4;
    %pushi/vec4 1, 0, 32;
    %store/vec4 v0x600001651950_0, 0, 32;
    %pushi/vec4 4, 0, 32;
    %store/vec4 v0x6000016519e0_0, 0, 32;
    %pushi/vec4 16, 0, 32;
    %store/vec4 v0x600001651830_0, 0, 32;
    %fork TD_alu_tb.test_alu, S_0x14be050b0;
    %join;
    %pushi/vec4 7, 0, 4;
    %store/vec4 v0x6000016518c0_0, 0, 4;
    %pushi/vec4 268435456, 0, 32;
    %store/vec4 v0x600001651950_0, 0, 32;
    %pushi/vec4 4, 0, 32;
    %store/vec4 v0x6000016519e0_0, 0, 32;
    %pushi/vec4 16777216, 0, 32;
    %store/vec4 v0x600001651830_0, 0, 32;
    %fork TD_alu_tb.test_alu, S_0x14be050b0;
    %join;
    %pushi/vec4 8, 0, 4;
    %store/vec4 v0x6000016518c0_0, 0, 4;
    %pushi/vec4 2147483648, 0, 32;
    %store/vec4 v0x600001651950_0, 0, 32;
    %pushi/vec4 4, 0, 32;
    %store/vec4 v0x6000016519e0_0, 0, 32;
    %pushi/vec4 4160749568, 0, 32;
    %store/vec4 v0x600001651830_0, 0, 32;
    %fork TD_alu_tb.test_alu, S_0x14be050b0;
    %join;
    %vpi_call 2 77 "$display", "ALU TEST END..." {0 0 0};
    %vpi_call 2 78 "$finish" {0 0 0};
    %end;
    .thread T_3;
# The file index is used to find the file name in the following table.
:file_names 5;
    "N/A";
    "<interactive>";
    "./tb/alu_tb.v";
    "./rtl/alu.v";
    "./rtl/shifter.v";
