#! /usr/bin/vvp
:ivl_version "11.0 (stable)";
:ivl_delay_selection "TYPICAL";
:vpi_time_precision + 0;
:vpi_module "/usr/lib/x86_64-linux-gnu/ivl/system.vpi";
:vpi_module "/usr/lib/x86_64-linux-gnu/ivl/vhdl_sys.vpi";
:vpi_module "/usr/lib/x86_64-linux-gnu/ivl/vhdl_textio.vpi";
:vpi_module "/usr/lib/x86_64-linux-gnu/ivl/v2005_math.vpi";
:vpi_module "/usr/lib/x86_64-linux-gnu/ivl/va_math.vpi";
S_0x5697837b0b10 .scope module, "alu_tb" "alu_tb" 2 3;
 .timescale 0 0;
v0x5697837e6360_0 .var "a", 31 0;
v0x5697837e6490_0 .var "b", 31 0;
v0x5697837e6550_0 .var "opcode", 3 0;
v0x5697837e6650_0 .net "out", 31 0, v0x5697837e5af0_0;  1 drivers
S_0x5697837b0ca0 .scope module, "DUT" "riscv_alu" 2 13, 3 5 0, S_0x5697837b0b10;
 .timescale 0 0;
    .port_info 0 /INPUT 4 "opcode";
    .port_info 1 /INPUT 32 "a";
    .port_info 2 /INPUT 32 "b";
    .port_info 3 /OUTPUT 32 "out";
L_0x5697837e69b0 .functor OR 1, L_0x5697837e6750, L_0x5697837e68c0, C4<0>, C4<0>;
L_0x70f2e8c4f018 .functor BUFT 1, C4<0111>, C4<0>, C4<0>, C4<0>;
v0x5697837e5470_0 .net/2u *"_ivl_0", 3 0, L_0x70f2e8c4f018;  1 drivers
L_0x70f2e8c4f0a8 .functor BUFT 1, C4<1000>, C4<0>, C4<0>, C4<0>;
v0x5697837e5570_0 .net/2u *"_ivl_10", 3 0, L_0x70f2e8c4f0a8;  1 drivers
v0x5697837e5650_0 .net *"_ivl_2", 0 0, L_0x5697837e6750;  1 drivers
L_0x70f2e8c4f060 .functor BUFT 1, C4<1000>, C4<0>, C4<0>, C4<0>;
v0x5697837e56f0_0 .net/2u *"_ivl_4", 3 0, L_0x70f2e8c4f060;  1 drivers
v0x5697837e57d0_0 .net *"_ivl_6", 0 0, L_0x5697837e68c0;  1 drivers
v0x5697837e5890_0 .net "a", 31 0, v0x5697837e6360_0;  1 drivers
v0x5697837e5950_0 .net "b", 31 0, v0x5697837e6490_0;  1 drivers
v0x5697837e5a10_0 .net "opcode", 3 0, v0x5697837e6550_0;  1 drivers
v0x5697837e5af0_0 .var "out", 31 0;
v0x5697837e5bd0_0 .net "shift_arith", 0 0, L_0x5697837e6b10;  1 drivers
v0x5697837e5c70_0 .net "shift_dir", 0 0, L_0x5697837e69b0;  1 drivers
v0x5697837e5d10_0 .net "shift_output", 31 0, L_0x5697837e6c90;  1 drivers
E_0x5697837be8a0 .event edge, v0x5697837e5a10_0, v0x5697837e4570_0, v0x5697837e5950_0, v0x5697837e4710_0;
L_0x5697837e6750 .cmp/eq 4, v0x5697837e6550_0, L_0x70f2e8c4f018;
L_0x5697837e68c0 .cmp/eq 4, v0x5697837e6550_0, L_0x70f2e8c4f060;
L_0x5697837e6b10 .cmp/eq 4, v0x5697837e6550_0, L_0x70f2e8c4f0a8;
L_0x5697837e6d50 .part v0x5697837e6490_0, 0, 5;
S_0x569783773cf0 .scope module, "shifter_inst" "barrel_shifter" 3 18, 4 1 0, S_0x5697837b0ca0;
 .timescale 0 0;
    .port_info 0 /INPUT 32 "in";
    .port_info 1 /INPUT 5 "n";
    .port_info 2 /INPUT 1 "dir";
    .port_info 3 /INPUT 1 "arith";
    .port_info 4 /OUTPUT 32 "out";
L_0x5697837e6c90 .functor BUFZ 32, v0x5697837e4840_0, C4<00000000000000000000000000000000>, C4<00000000000000000000000000000000>, C4<00000000000000000000000000000000>;
v0x569783773f00_0 .net "arith", 0 0, L_0x5697837e6b10;  alias, 1 drivers
v0x5697837e44b0_0 .net "dir", 0 0, L_0x5697837e69b0;  alias, 1 drivers
v0x5697837e4570_0 .net "in", 31 0, v0x5697837e6360_0;  alias, 1 drivers
v0x5697837e4630_0 .net "n", 4 0, L_0x5697837e6d50;  1 drivers
v0x5697837e4710_0 .net "out", 31 0, L_0x5697837e6c90;  alias, 1 drivers
v0x5697837e4840_0 .var "result", 31 0;
v0x5697837e4920_0 .var "shift_left_1", 31 0;
v0x5697837e4a00_0 .var "shift_left_16", 31 0;
v0x5697837e4ae0_0 .var "shift_left_2", 31 0;
v0x5697837e4bc0_0 .var "shift_left_4", 31 0;
v0x5697837e4ca0_0 .var "shift_left_8", 31 0;
v0x5697837e4d80_0 .var "shift_right_1", 31 0;
v0x5697837e4e60_0 .var "shift_right_16", 31 0;
v0x5697837e4f40_0 .var "shift_right_2", 31 0;
v0x5697837e5020_0 .var "shift_right_4", 31 0;
v0x5697837e5100_0 .var "shift_right_8", 31 0;
v0x5697837e51e0_0 .var "shift_right_fill", 31 0;
E_0x5697837bebf0 .event edge, v0x569783773f00_0, v0x5697837e44b0_0, v0x5697837e4630_0, v0x5697837e4570_0;
S_0x5697837e5e50 .scope task, "test_alu" "test_alu" 2 19, 2 19 0, S_0x5697837b0b10;
 .timescale 0 0;
v0x5697837e6000_0 .var "expected", 31 0;
v0x5697837e60e0_0 .var "op", 3 0;
v0x5697837e61c0_0 .var "rs_a", 31 0;
v0x5697837e6280_0 .var "rs_b", 31 0;
TD_alu_tb.test_alu ;
    %load/vec4 v0x5697837e60e0_0;
    %store/vec4 v0x5697837e6550_0, 0, 4;
    %load/vec4 v0x5697837e61c0_0;
    %store/vec4 v0x5697837e6360_0, 0, 32;
    %load/vec4 v0x5697837e6280_0;
    %store/vec4 v0x5697837e6490_0, 0, 32;
    %delay 5, 0;
    %load/vec4 v0x5697837e6650_0;
    %load/vec4 v0x5697837e6000_0;
    %cmp/ne;
    %jmp/0xz  T_0.0, 4;
    %vpi_call 2 33 "$display", "FAIL: opcode=%b a=%h b=%h --> out=%h (expected = %h)\012\012", v0x5697837e60e0_0, v0x5697837e61c0_0, v0x5697837e6280_0, v0x5697837e6650_0, v0x5697837e6000_0 {0 0 0};
    %jmp T_0.1;
T_0.0 ;
    %vpi_call 2 36 "$display", "PASS: opcode=%b a=%h b=%h --> out=%h\012\012", v0x5697837e60e0_0, v0x5697837e61c0_0, v0x5697837e6280_0, v0x5697837e6650_0 {0 0 0};
T_0.1 ;
    %end;
    .scope S_0x569783773cf0;
T_1 ;
    %wait E_0x5697837bebf0;
    %pushi/vec4 0, 0, 32;
    %store/vec4 v0x5697837e4840_0, 0, 32;
    %pushi/vec4 0, 0, 32;
    %store/vec4 v0x5697837e4920_0, 0, 32;
    %pushi/vec4 0, 0, 32;
    %store/vec4 v0x5697837e4ae0_0, 0, 32;
    %pushi/vec4 0, 0, 32;
    %store/vec4 v0x5697837e4bc0_0, 0, 32;
    %pushi/vec4 0, 0, 32;
    %store/vec4 v0x5697837e4ca0_0, 0, 32;
    %pushi/vec4 0, 0, 32;
    %store/vec4 v0x5697837e4a00_0, 0, 32;
    %pushi/vec4 0, 0, 32;
    %store/vec4 v0x5697837e4d80_0, 0, 32;
    %pushi/vec4 0, 0, 32;
    %store/vec4 v0x5697837e4f40_0, 0, 32;
    %pushi/vec4 0, 0, 32;
    %store/vec4 v0x5697837e5020_0, 0, 32;
    %pushi/vec4 0, 0, 32;
    %store/vec4 v0x5697837e5100_0, 0, 32;
    %pushi/vec4 0, 0, 32;
    %store/vec4 v0x5697837e4e60_0, 0, 32;
    %pushi/vec4 0, 0, 32;
    %store/vec4 v0x5697837e51e0_0, 0, 32;
    %load/vec4 v0x5697837e44b0_0;
    %pad/u 32;
    %cmpi/e 0, 0, 32;
    %jmp/0xz  T_1.0, 4;
    %load/vec4 v0x5697837e4630_0;
    %parti/s 1, 0, 2;
    %cmpi/e 1, 0, 1;
    %jmp/0xz  T_1.2, 4;
    %load/vec4 v0x5697837e4570_0;
    %parti/s 31, 0, 2;
    %concati/vec4 0, 0, 1;
    %store/vec4 v0x5697837e4920_0, 0, 32;
    %jmp T_1.3;
T_1.2 ;
    %load/vec4 v0x5697837e4570_0;
    %store/vec4 v0x5697837e4920_0, 0, 32;
T_1.3 ;
    %load/vec4 v0x5697837e4630_0;
    %parti/s 1, 1, 2;
    %cmpi/e 1, 0, 1;
    %jmp/0xz  T_1.4, 4;
    %load/vec4 v0x5697837e4920_0;
    %parti/s 30, 0, 2;
    %concati/vec4 0, 0, 2;
    %store/vec4 v0x5697837e4ae0_0, 0, 32;
    %jmp T_1.5;
T_1.4 ;
    %load/vec4 v0x5697837e4920_0;
    %store/vec4 v0x5697837e4ae0_0, 0, 32;
T_1.5 ;
    %load/vec4 v0x5697837e4630_0;
    %parti/s 1, 2, 3;
    %cmpi/e 1, 0, 1;
    %jmp/0xz  T_1.6, 4;
    %load/vec4 v0x5697837e4ae0_0;
    %parti/s 28, 0, 2;
    %concati/vec4 0, 0, 4;
    %store/vec4 v0x5697837e4bc0_0, 0, 32;
    %jmp T_1.7;
T_1.6 ;
    %load/vec4 v0x5697837e4ae0_0;
    %store/vec4 v0x5697837e4bc0_0, 0, 32;
T_1.7 ;
    %load/vec4 v0x5697837e4630_0;
    %parti/s 1, 3, 3;
    %cmpi/e 1, 0, 1;
    %jmp/0xz  T_1.8, 4;
    %load/vec4 v0x5697837e4bc0_0;
    %parti/s 24, 0, 2;
    %concati/vec4 0, 0, 8;
    %store/vec4 v0x5697837e4ca0_0, 0, 32;
    %jmp T_1.9;
T_1.8 ;
    %load/vec4 v0x5697837e4bc0_0;
    %store/vec4 v0x5697837e4ca0_0, 0, 32;
T_1.9 ;
    %load/vec4 v0x5697837e4630_0;
    %parti/s 1, 4, 4;
    %cmpi/e 1, 0, 1;
    %jmp/0xz  T_1.10, 4;
    %load/vec4 v0x5697837e4ca0_0;
    %parti/s 16, 0, 2;
    %concati/vec4 0, 0, 16;
    %store/vec4 v0x5697837e4a00_0, 0, 32;
    %jmp T_1.11;
T_1.10 ;
    %load/vec4 v0x5697837e4ca0_0;
    %store/vec4 v0x5697837e4a00_0, 0, 32;
T_1.11 ;
    %load/vec4 v0x5697837e4a00_0;
    %store/vec4 v0x5697837e4840_0, 0, 32;
    %jmp T_1.1;
T_1.0 ;
    %load/vec4 v0x5697837e4570_0;
    %parti/s 1, 31, 6;
    %pad/u 32;
    %pushi/vec4 1, 0, 32;
    %cmp/e;
    %flag_get/vec4 4;
    %load/vec4 v0x569783773f00_0;
    %pad/u 32;
    %pushi/vec4 1, 0, 32;
    %cmp/e;
    %flag_get/vec4 4;
    %and;
    %flag_set/vec4 8;
    %jmp/0xz  T_1.12, 8;
    %pushi/vec4 4294967295, 0, 32;
    %store/vec4 v0x5697837e51e0_0, 0, 32;
    %jmp T_1.13;
T_1.12 ;
    %pushi/vec4 0, 0, 32;
    %store/vec4 v0x5697837e51e0_0, 0, 32;
T_1.13 ;
    %load/vec4 v0x5697837e4630_0;
    %parti/s 1, 0, 2;
    %cmpi/e 1, 0, 1;
    %jmp/0xz  T_1.14, 4;
    %load/vec4 v0x5697837e51e0_0;
    %parti/s 1, 31, 6;
    %load/vec4 v0x5697837e4570_0;
    %parti/s 31, 1, 2;
    %concat/vec4; draw_concat_vec4
    %store/vec4 v0x5697837e4d80_0, 0, 32;
    %jmp T_1.15;
T_1.14 ;
    %load/vec4 v0x5697837e4570_0;
    %store/vec4 v0x5697837e4d80_0, 0, 32;
T_1.15 ;
    %load/vec4 v0x5697837e4630_0;
    %parti/s 1, 1, 2;
    %cmpi/e 1, 0, 1;
    %jmp/0xz  T_1.16, 4;
    %load/vec4 v0x5697837e51e0_0;
    %parti/s 2, 30, 6;
    %load/vec4 v0x5697837e4d80_0;
    %parti/s 30, 2, 3;
    %concat/vec4; draw_concat_vec4
    %store/vec4 v0x5697837e4f40_0, 0, 32;
    %jmp T_1.17;
T_1.16 ;
    %load/vec4 v0x5697837e4d80_0;
    %store/vec4 v0x5697837e4f40_0, 0, 32;
T_1.17 ;
    %load/vec4 v0x5697837e4630_0;
    %parti/s 1, 2, 3;
    %cmpi/e 1, 0, 1;
    %jmp/0xz  T_1.18, 4;
    %load/vec4 v0x5697837e51e0_0;
    %parti/s 4, 28, 6;
    %load/vec4 v0x5697837e4f40_0;
    %parti/s 28, 4, 4;
    %concat/vec4; draw_concat_vec4
    %store/vec4 v0x5697837e5020_0, 0, 32;
    %jmp T_1.19;
T_1.18 ;
    %load/vec4 v0x5697837e4f40_0;
    %store/vec4 v0x5697837e5020_0, 0, 32;
T_1.19 ;
    %load/vec4 v0x5697837e4630_0;
    %parti/s 1, 3, 3;
    %cmpi/e 1, 0, 1;
    %jmp/0xz  T_1.20, 4;
    %load/vec4 v0x5697837e51e0_0;
    %parti/s 8, 24, 6;
    %load/vec4 v0x5697837e5020_0;
    %parti/s 24, 8, 5;
    %concat/vec4; draw_concat_vec4
    %store/vec4 v0x5697837e5100_0, 0, 32;
    %jmp T_1.21;
T_1.20 ;
    %load/vec4 v0x5697837e5020_0;
    %store/vec4 v0x5697837e5100_0, 0, 32;
T_1.21 ;
    %load/vec4 v0x5697837e4630_0;
    %parti/s 1, 4, 4;
    %cmpi/e 1, 0, 1;
    %jmp/0xz  T_1.22, 4;
    %load/vec4 v0x5697837e51e0_0;
    %parti/s 16, 0, 2;
    %load/vec4 v0x5697837e5100_0;
    %parti/s 16, 16, 6;
    %concat/vec4; draw_concat_vec4
    %store/vec4 v0x5697837e4e60_0, 0, 32;
    %jmp T_1.23;
T_1.22 ;
    %load/vec4 v0x5697837e5100_0;
    %store/vec4 v0x5697837e4e60_0, 0, 32;
T_1.23 ;
    %load/vec4 v0x5697837e4e60_0;
    %store/vec4 v0x5697837e4840_0, 0, 32;
T_1.1 ;
    %jmp T_1;
    .thread T_1, $push;
    .scope S_0x5697837b0ca0;
T_2 ;
    %wait E_0x5697837be8a0;
    %pushi/vec4 0, 0, 32;
    %store/vec4 v0x5697837e5af0_0, 0, 32;
    %load/vec4 v0x5697837e5a10_0;
    %dup/vec4;
    %pushi/vec4 1, 0, 4;
    %cmp/u;
    %jmp/1 T_2.0, 6;
    %dup/vec4;
    %pushi/vec4 2, 0, 4;
    %cmp/u;
    %jmp/1 T_2.1, 6;
    %dup/vec4;
    %pushi/vec4 3, 0, 4;
    %cmp/u;
    %jmp/1 T_2.2, 6;
    %dup/vec4;
    %pushi/vec4 4, 0, 4;
    %cmp/u;
    %jmp/1 T_2.3, 6;
    %dup/vec4;
    %pushi/vec4 5, 0, 4;
    %cmp/u;
    %jmp/1 T_2.4, 6;
    %dup/vec4;
    %pushi/vec4 6, 0, 4;
    %cmp/u;
    %jmp/1 T_2.5, 6;
    %dup/vec4;
    %pushi/vec4 7, 0, 4;
    %cmp/u;
    %jmp/1 T_2.6, 6;
    %dup/vec4;
    %pushi/vec4 8, 0, 4;
    %cmp/u;
    %jmp/1 T_2.7, 6;
    %pushi/vec4 0, 0, 32;
    %store/vec4 v0x5697837e5af0_0, 0, 32;
    %jmp T_2.9;
T_2.0 ;
    %load/vec4 v0x5697837e5890_0;
    %load/vec4 v0x5697837e5950_0;
    %add;
    %store/vec4 v0x5697837e5af0_0, 0, 32;
    %jmp T_2.9;
T_2.1 ;
    %load/vec4 v0x5697837e5890_0;
    %load/vec4 v0x5697837e5950_0;
    %sub;
    %store/vec4 v0x5697837e5af0_0, 0, 32;
    %jmp T_2.9;
T_2.2 ;
    %load/vec4 v0x5697837e5890_0;
    %load/vec4 v0x5697837e5950_0;
    %and;
    %store/vec4 v0x5697837e5af0_0, 0, 32;
    %jmp T_2.9;
T_2.3 ;
    %load/vec4 v0x5697837e5890_0;
    %load/vec4 v0x5697837e5950_0;
    %or;
    %store/vec4 v0x5697837e5af0_0, 0, 32;
    %jmp T_2.9;
T_2.4 ;
    %load/vec4 v0x5697837e5890_0;
    %load/vec4 v0x5697837e5950_0;
    %xor;
    %store/vec4 v0x5697837e5af0_0, 0, 32;
    %jmp T_2.9;
T_2.5 ;
    %load/vec4 v0x5697837e5d10_0;
    %store/vec4 v0x5697837e5af0_0, 0, 32;
    %jmp T_2.9;
T_2.6 ;
    %load/vec4 v0x5697837e5d10_0;
    %store/vec4 v0x5697837e5af0_0, 0, 32;
    %jmp T_2.9;
T_2.7 ;
    %load/vec4 v0x5697837e5d10_0;
    %store/vec4 v0x5697837e5af0_0, 0, 32;
    %jmp T_2.9;
T_2.9 ;
    %pop/vec4 1;
    %jmp T_2;
    .thread T_2, $push;
    .scope S_0x5697837b0b10;
T_3 ;
    %vpi_call 2 44 "$dumpfile", "waveforms/alu.vcd" {0 0 0};
    %vpi_call 2 45 "$dumpvars", 32'sb00000000000000000000000000000000, S_0x5697837b0b10 {0 0 0};
    %pushi/vec4 0, 0, 4;
    %store/vec4 v0x5697837e6550_0, 0, 4;
    %pushi/vec4 0, 0, 32;
    %store/vec4 v0x5697837e6360_0, 0, 32;
    %pushi/vec4 0, 0, 32;
    %store/vec4 v0x5697837e6490_0, 0, 32;
    %vpi_call 2 51 "$display", "ALU TEST BEGIN...\012" {0 0 0};
    %pushi/vec4 1, 0, 4;
    %store/vec4 v0x5697837e60e0_0, 0, 4;
    %pushi/vec4 10, 0, 32;
    %store/vec4 v0x5697837e61c0_0, 0, 32;
    %pushi/vec4 15, 0, 32;
    %store/vec4 v0x5697837e6280_0, 0, 32;
    %pushi/vec4 25, 0, 32;
    %store/vec4 v0x5697837e6000_0, 0, 32;
    %fork TD_alu_tb.test_alu, S_0x5697837e5e50;
    %join;
    %pushi/vec4 2, 0, 4;
    %store/vec4 v0x5697837e60e0_0, 0, 4;
    %pushi/vec4 35, 0, 32;
    %store/vec4 v0x5697837e61c0_0, 0, 32;
    %pushi/vec4 15, 0, 32;
    %store/vec4 v0x5697837e6280_0, 0, 32;
    %pushi/vec4 20, 0, 32;
    %store/vec4 v0x5697837e6000_0, 0, 32;
    %fork TD_alu_tb.test_alu, S_0x5697837e5e50;
    %join;
    %pushi/vec4 3, 0, 4;
    %store/vec4 v0x5697837e60e0_0, 0, 4;
    %pushi/vec4 268369935, 0, 32;
    %store/vec4 v0x5697837e61c0_0, 0, 32;
    %pushi/vec4 4043247375, 0, 32;
    %store/vec4 v0x5697837e6280_0, 0, 32;
    %pushi/vec4 16711695, 0, 32;
    %store/vec4 v0x5697837e6000_0, 0, 32;
    %fork TD_alu_tb.test_alu, S_0x5697837e5e50;
    %join;
    %pushi/vec4 4, 0, 4;
    %store/vec4 v0x5697837e60e0_0, 0, 4;
    %pushi/vec4 65535, 0, 32;
    %store/vec4 v0x5697837e61c0_0, 0, 32;
    %pushi/vec4 4294901760, 0, 32;
    %store/vec4 v0x5697837e6280_0, 0, 32;
    %pushi/vec4 4294967295, 0, 32;
    %store/vec4 v0x5697837e6000_0, 0, 32;
    %fork TD_alu_tb.test_alu, S_0x5697837e5e50;
    %join;
    %pushi/vec4 5, 0, 4;
    %store/vec4 v0x5697837e60e0_0, 0, 4;
    %pushi/vec4 2863311530, 0, 32;
    %store/vec4 v0x5697837e61c0_0, 0, 32;
    %pushi/vec4 1431655765, 0, 32;
    %store/vec4 v0x5697837e6280_0, 0, 32;
    %pushi/vec4 4294967295, 0, 32;
    %store/vec4 v0x5697837e6000_0, 0, 32;
    %fork TD_alu_tb.test_alu, S_0x5697837e5e50;
    %join;
    %pushi/vec4 6, 0, 4;
    %store/vec4 v0x5697837e60e0_0, 0, 4;
    %pushi/vec4 1, 0, 32;
    %store/vec4 v0x5697837e61c0_0, 0, 32;
    %pushi/vec4 4, 0, 32;
    %store/vec4 v0x5697837e6280_0, 0, 32;
    %pushi/vec4 16, 0, 32;
    %store/vec4 v0x5697837e6000_0, 0, 32;
    %fork TD_alu_tb.test_alu, S_0x5697837e5e50;
    %join;
    %pushi/vec4 7, 0, 4;
    %store/vec4 v0x5697837e60e0_0, 0, 4;
    %pushi/vec4 268435456, 0, 32;
    %store/vec4 v0x5697837e61c0_0, 0, 32;
    %pushi/vec4 4, 0, 32;
    %store/vec4 v0x5697837e6280_0, 0, 32;
    %pushi/vec4 16777216, 0, 32;
    %store/vec4 v0x5697837e6000_0, 0, 32;
    %fork TD_alu_tb.test_alu, S_0x5697837e5e50;
    %join;
    %pushi/vec4 8, 0, 4;
    %store/vec4 v0x5697837e60e0_0, 0, 4;
    %pushi/vec4 2147483648, 0, 32;
    %store/vec4 v0x5697837e61c0_0, 0, 32;
    %pushi/vec4 4, 0, 32;
    %store/vec4 v0x5697837e6280_0, 0, 32;
    %pushi/vec4 4160749568, 0, 32;
    %store/vec4 v0x5697837e6000_0, 0, 32;
    %fork TD_alu_tb.test_alu, S_0x5697837e5e50;
    %join;
    %vpi_call 2 77 "$display", "ALU TEST END..." {0 0 0};
    %vpi_call 2 78 "$finish" {0 0 0};
    %end;
    .thread T_3;
# The file index is used to find the file name in the following table.
:file_names 5;
    "N/A";
    "<interactive>";
    "./tb/alu_tb.v";
    "./rtl/alu.v";
    "./rtl/shifter.v";
